::1 - - [23/Apr/2019:19:53:39 -0300] "GET / HTTP/1.1" 200 995
::1 - - [23/Apr/2019:19:53:45 -0300] "GET /favicon.ico HTTP/1.1" 404 209
::1 - - [23/Apr/2019:19:53:49 -0300] "GET /PHP/ HTTP/1.1" 200 456
::1 - - [23/Apr/2019:19:53:52 -0300] "GET /PHP/inicio.html HTTP/1.1" 200 299
::1 - - [23/Apr/2019:20:01:40 -0300] "GET /PHP/inicio.html HTTP/1.1" 200 808
::1 - - [23/Apr/2019:20:03:12 -0300] "GET /PHP/inicio.html HTTP/1.1" 200 862
::1 - - [23/Apr/2019:20:03:54 -0300] "GET /PHP/inicio.html HTTP/1.1" 200 892
::1 - - [23/Apr/2019:20:06:51 -0300] "GET /PHP/inicio.html HTTP/1.1" 200 965
::1 - - [23/Apr/2019:20:10:56 -0300] "GET /PHP/inicio.html HTTP/1.1" 200 1007
::1 - - [23/Apr/2019:20:10:59 -0300] "POST /PHP/cadastro.php HTTP/1.1" 200 -
::1 - - [23/Apr/2019:20:11:24 -0300] "GET /PHP/inicio.html HTTP/1.1" 200 1025
::1 - - [23/Apr/2019:20:18:21 -0300] "GET /PHP/inicio.html HTTP/1.1" 200 1047
::1 - - [23/Apr/2019:20:18:23 -0300] "POST /PHP/cadastro.php HTTP/1.1" 200 420
::1 - - [23/Apr/2019:20:19:22 -0300] "POST /PHP/cadastro.php HTTP/1.1" 200 222
::1 - - [23/Apr/2019:20:22:09 -0300] "POST /PHP/cadastro.php HTTP/1.1" 200 208
::1 - - [23/Apr/2019:20:23:15 -0300] "POST /PHP/cadastro.php HTTP/1.1" 200 207
::1 - - [23/Apr/2019:20:24:32 -0300] "POST /PHP/cadastro.php HTTP/1.1" 200 207
::1 - - [23/Apr/2019:20:26:00 -0300] "GET /PHP/inicio.html HTTP/1.1" 200 1078
::1 - - [23/Apr/2019:20:26:02 -0300] "POST /PHP/cadastro.php HTTP/1.1" 200 207
::1 - - [23/Apr/2019:20:26:18 -0300] "POST /PHP/cadastro.php HTTP/1.1" 200 30
::1 - - [23/Apr/2019:20:26:30 -0300] "POST /PHP/cadastro.php HTTP/1.1" 200 30
::1 - - [23/Apr/2019:20:32:21 -0300] "POST /PHP/cadastro.php HTTP/1.1" 200 30
::1 - - [23/Apr/2019:20:32:57 -0300] "POST /PHP/cadastro.php HTTP/1.1" 200 42
::1 - - [23/Apr/2019:20:33:32 -0300] "POST /PHP/cadastro.php HTTP/1.1" 200 46
::1 - - [23/Apr/2019:20:36:13 -0300] "POST /PHP/cadastro.php HTTP/1.1" 200 158
::1 - - [23/Apr/2019:20:36:49 -0300] "POST /PHP/cadastro.php HTTP/1.1" 200 162
::1 - - [23/Apr/2019:20:47:41 -0300] "POST /PHP/cadastro.php HTTP/1.1" 200 201
::1 - - [23/Apr/2019:20:57:45 -0300] "GET /PHP/inicio.html HTTP/1.1" 200 1138
::1 - - [23/Apr/2019:20:57:48 -0300] "POST /PHP/cadastro.php HTTP/1.1" 200 238
::1 - - [23/Apr/2019:20:58:31 -0300] "POST /PHP/cadastro.php HTTP/1.1" 200 155
::1 - - [23/Apr/2019:20:58:37 -0300] "POST /PHP/cadastro.php HTTP/1.1" 200 155
