190320 21:36:42 [Note] Plugin 'FEDERATED' is disabled.
190320 21:36:42 InnoDB: The InnoDB memory heap is disabled
190320 21:36:42 InnoDB: Mutexes and rw_locks use Windows interlocked functions
190320 21:36:42 InnoDB: Compressed tables use zlib 1.2.3
190320 21:36:42 InnoDB: Initializing buffer pool, size = 128.0M
190320 21:36:42 InnoDB: Completed initialization of buffer pool
InnoDB: The first specified data file C:\Users\User\Documents\FATEC\5 Semestre - Aulas\ILP30\USBWebserver v8.5\USBWebserver v8.5\8.5\mysql\data\ibdata1 did not exist:
InnoDB: a new database to be created!
190320 21:36:42  InnoDB: Setting file C:\Users\User\Documents\FATEC\5 Semestre - Aulas\ILP30\USBWebserver v8.5\USBWebserver v8.5\8.5\mysql\data\ibdata1 size to 10 MB
InnoDB: Database physically writes the file full: wait...
190320 21:36:43  InnoDB: Log file C:\Users\User\Documents\FATEC\5 Semestre - Aulas\ILP30\USBWebserver v8.5\USBWebserver v8.5\8.5\mysql\data\ib_logfile0 did not exist: new to be created
InnoDB: Setting log file C:\Users\User\Documents\FATEC\5 Semestre - Aulas\ILP30\USBWebserver v8.5\USBWebserver v8.5\8.5\mysql\data\ib_logfile0 size to 5 MB
InnoDB: Database physically writes the file full: wait...
190320 21:36:43  InnoDB: Log file C:\Users\User\Documents\FATEC\5 Semestre - Aulas\ILP30\USBWebserver v8.5\USBWebserver v8.5\8.5\mysql\data\ib_logfile1 did not exist: new to be created
InnoDB: Setting log file C:\Users\User\Documents\FATEC\5 Semestre - Aulas\ILP30\USBWebserver v8.5\USBWebserver v8.5\8.5\mysql\data\ib_logfile1 size to 5 MB
InnoDB: Database physically writes the file full: wait...
InnoDB: Doublewrite buffer not found: creating new
InnoDB: Doublewrite buffer created
InnoDB: 127 rollback segment(s) active.
InnoDB: Creating foreign key constraint system tables
InnoDB: Foreign key constraint system tables created
190320 21:36:48  InnoDB: Waiting for the background threads to start
190320 21:36:49 InnoDB: 1.1.8 started; log sequence number 0
